<?xml version="1.0" encoding="UTF-8"?>
<!-- Generated by org.testng.reporters.JUnitReportReporter -->
<testsuite hostname="DESKTOP-PSKIJP3" failures="0" tests="1" name="baseclass.Test_class" time="7.601" errors="0" timestamp="2022-09-04T16:22:55 IST" skipped="0">
  <testcase classname="baseclass.Test_class" name="verifyuserID" time="7.601"/>
  <system-out>
    <![CDATA[running verifyuserID]]>
  </system-out>
</testsuite> <!-- baseclass.Test_class -->
